d:\desktop\project1\project1\release\vc120.pdb
d:\desktop\project1\project1\release\tld_utils.obj
d:\desktop\project1\project1\release\tld.obj
d:\desktop\project1\project1\release\main.obj
d:\desktop\project1\project1\release\lktracker.obj
d:\desktop\project1\project1\release\fernnclassifier.obj
d:\desktop\project1\release\project1.exe
d:\desktop\project1\release\project1.pdb
d:\桌面\project1\project1\release\fernnclassifier.obj
d:\桌面\project1\project1\release\lktracker.obj
d:\桌面\project1\project1\release\main.obj
d:\桌面\project1\project1\release\tld.obj
d:\桌面\project1\project1\release\tld_utils.obj
d:\桌面\project1\project1\release\vc120.pdb
d:\桌面\project1\release\project1.pdb
d:\桌面\project1\release\project1.exe
d:\桌面\project1\project1\release\project1.tlog\cl.command.1.tlog
d:\桌面\project1\project1\release\project1.tlog\cl.read.1.tlog
d:\桌面\project1\project1\release\project1.tlog\cl.write.1.tlog
d:\桌面\project1\project1\release\project1.tlog\link.command.1.tlog
d:\桌面\project1\project1\release\project1.tlog\link.read.1.tlog
d:\桌面\project1\project1\release\project1.tlog\link.write.1.tlog
